\BOOKMARK [1][-]{section.1}{\376\377\000W\000s\000t\001\031\000p\000\040\000t\000e\000o\000r\000e\000t\000y\000c\000z\000n\000y}{}% 1
\BOOKMARK [2][-]{subsection.1.1}{\376\377\000O\000p\000i\000s\000\040\000p\000r\000o\000b\000l\000e\000m\000u}{section.1}% 2
\BOOKMARK [2][-]{subsection.1.2}{\376\377\000A\000l\000g\000o\000r\000y\000t\000m\000\040\000g\000e\000n\000e\000t\000y\000c\000z\000n\000y}{section.1}% 3
\BOOKMARK [3][-]{subsubsection.1.2.1}{\376\377\000E\000l\000e\000m\000e\000n\000t\000y\000\040\000a\000l\000g\000o\000r\000y\000t\000m\000u}{subsection.1.2}% 4
\BOOKMARK [3][-]{subsubsection.1.2.2}{\376\377\000S\000e\000l\000e\000k\000c\000j\000a\000\040\000t\000u\000r\000n\000i\000e\000j\000o\000w\000a}{subsection.1.2}% 5
\BOOKMARK [3][-]{subsubsection.1.2.3}{\376\377\000K\000r\000z\000y\001\174\000o\000w\000a\000n\000i\000e\000\040\000O\000X\000\040\000\050\000O\000r\000d\000e\000r\000\040\000C\000r\000o\000s\000s\000o\000v\000e\000r\000\051}{subsection.1.2}% 6
\BOOKMARK [3][-]{subsubsection.1.2.4}{\376\377\000M\000e\000t\000o\000d\000y\000\040\000m\000u\000t\000a\000c\000j\000i}{subsection.1.2}% 7
\BOOKMARK [3][-]{subsubsection.1.2.5}{\376\377\000P\000s\000e\000u\000d\000o\000k\000o\000d}{subsection.1.2}% 8
\BOOKMARK [3][-]{subsubsection.1.2.6}{\376\377\000Z\001\102\000o\001\174\000o\000n\000o\001\133\001\007\000\040\000o\000b\000l\000i\000c\000z\000e\000n\000i\000o\000w\000a}{subsection.1.2}% 9
\BOOKMARK [1][-]{section.2}{\376\377\000P\000l\000a\000n\000\040\000e\000k\000s\000p\000e\000r\000y\000m\000e\000n\000t\000u}{}% 10
\BOOKMARK [2][-]{subsection.2.1}{\376\377\000C\000e\000l\000\040\000b\000a\000d\000a\001\104}{section.2}% 11
\BOOKMARK [2][-]{subsection.2.2}{\376\377\000I\000n\000s\000t\000a\000n\000c\000j\000e\000\040\000t\000e\000s\000t\000o\000w\000e}{section.2}% 12
\BOOKMARK [2][-]{subsection.2.3}{\376\377\000P\000a\000r\000a\000m\000e\000t\000r\000y\000\040\000a\000l\000g\000o\000r\000y\000t\000m\000u}{section.2}% 13
\BOOKMARK [2][-]{subsection.2.4}{\376\377\000M\000e\000t\000o\000d\000o\000l\000o\000g\000i\000a}{section.2}% 14
\BOOKMARK [2][-]{subsection.2.5}{\376\377\000W\000y\000k\000o\000r\000z\000y\000s\000t\000a\000n\000y\000\040\000s\000p\000r\000z\001\031\000t}{section.2}% 15
\BOOKMARK [1][-]{section.3}{\376\377\000W\000y\000n\000i\000k\000i\000\040\000e\000k\000s\000p\000e\000r\000y\000m\000e\000n\000t\000\363\000w}{}% 16
\BOOKMARK [2][-]{subsection.3.1}{\376\377\000Z\000a\000l\000e\001\174\000n\000o\001\133\001\007\000\040\000b\001\102\001\031\000d\000u\000\040\000o\000d\000\040\000r\000o\000z\000m\000i\000a\000r\000u\000\040\000i\000n\000s\000t\000a\000n\000c\000j\000i}{section.3}% 17
\BOOKMARK [2][-]{subsection.3.2}{\376\377\000Z\000a\000l\000e\001\174\000n\000o\001\133\001\007\000\040\000c\000z\000a\000s\000u\000\040\000u\000z\000y\000s\000k\000a\000n\000i\000a\000\040\000w\000y\000n\000i\000k\000u\000\040\000o\000d\000\040\000r\000o\000z\000m\000i\000a\000r\000u\000\040\000i\000n\000s\000t\000a\000n\000c\000j\000i}{section.3}% 18
\BOOKMARK [2][-]{subsection.3.3}{\376\377\000W\000p\001\102\000y\000w\000\040\000r\000o\000z\000m\000i\000a\000r\000u\000\040\000p\000o\000p\000u\000l\000a\000c\000j\000i\000\040\000n\000a\000\040\000c\000z\000a\000s\000\040\000i\000\040\000b\001\102\001\005\000d}{section.3}% 19
\BOOKMARK [2][-]{subsection.3.4}{\376\377\000W\000p\001\102\000y\000w\000\040\000m\000e\000t\000o\000d\000y\000\040\000m\000u\000t\000a\000c\000j\000i\000\040\000n\000a\000\040\000c\000z\000a\000s\000\040\000i\000\040\000b\001\102\001\005\000d\000\040\000\050\0004\000.\0000\000\051}{section.3}% 20
\BOOKMARK [1][-]{section.4}{\376\377\000W\000n\000i\000o\000s\000k\000i}{}% 21
\BOOKMARK [1][-]{section.5}{\376\377\000L\000i\000t\000e\000r\000a\000t\000u\000r\000a}{}% 22
